

Starting up. 14:29.24
---------------------
[14:29:24]MISC: Adding game mode AutoTraitor (extend-a-traitormongous) to configuration.
[14:29:24]MISC: Adding game mode traitor+changeling (traitorchan) to configuration.
[14:29:24]MISC: Adding game mode traitor (traitor) to configuration.
[14:29:24]MISC: Adding game mode changeling (changeling) to configuration.
[14:29:24]MISC: Adding game mode cult (cult) to configuration.
[14:29:24]MISC: Adding game mode extended (extended) to configuration.
[14:29:24]MISC: Adding game mode heist (heist) to configuration.
[14:29:24]MISC: Adding game mode AI malfunction (malfunction) to configuration.
[14:29:24]MISC: Adding game mode meteor (meteor) to configuration.
[14:29:24]MISC: Adding game mode mutiny (mutiny) to configuration.
[14:29:24]MISC: Adding game mode ninja (ninja) to configuration.
[14:29:24]MISC: Adding game mode nuclear emergency (nuclear) to configuration.
[14:29:24]MISC: Adding game mode rp-revolution (rp-revolution) to configuration.
[14:29:24]MISC: Adding game mode revolution (revolution) to configuration.
[14:29:24]MISC: Adding game mode wizard (wizard) to configuration.
[14:29:24]MISC: Unknown setting in configuration: 'metroid_delay'
[14:29:28]ADMIN: Loading jobban_rank
[14:29:28]ADMIN: jobban_keylist was empty
[14:29:28]ADMIN: Loading Banlist
[14:29:28]DEBUG: Rebuilding Master Controller
[14:31:39]ACCESS: Login: DrVagax/(DrVagax) from 192.168.0.1-1872704441 || BYOND v506
[14:32:33]VOTE: Gamemode vote started by the server.
[14:32:33]DEBUG: The server has called a gamemode vote
[14:33:33]VOTE: <b>Vote Result: Inconclusive - No Votes!</b>
[14:33:47]VOTE: Custom vote started by DrVagax.
dicks
[14:34:00]ADMIN: DrVagax has started the game.
[14:34:00]ACCESS: Logout: *no key*/(DrVagax)
[14:34:00]ACCESS: Login: DrVagax/(Finn Fields) from 192.168.0.1-1872704441 || BYOND v506
[14:34:19]DEBUG: Next event in 46.068 minutes.
[14:34:55]VOTE: <b>Vote Result: Yes</b>
[14:35:26]SAY: Runtime/ : HSSSSS
[14:35:53]ADMIN: DrVagax/(Finn Fields) setup the supermatter engine 
[14:36:10]ADMIN: DrVagax/(Finn Fields) has granted DrVagax full access.
[14:36:39]ADMIN: DrVagax/(Finn Fields) : dsfas
[14:36:51]ACCESS: Logout: *no key*/(Finn Fields)
[14:36:51]ACCESS: Login: DrVagax/(Finn Fields) from 192.168.0.1-1872704441 || BYOND v506
[14:37:02]ACCESS: Logout: *no key*/(Finn Fields)
[14:37:02]ACCESS: Login: DrVagax/(Finn Fields) from 192.168.0.1-1872704441 || BYOND v506
[14:39:20]GAME: Finn Fields/DrVagax has uploaded the book titled GayWeed, 95 signs
[14:39:28]ATTACK: DrVagax/(Finn Fields) attacked DrVagax/(Finn Fields) with bible (INTENT: HELP) (DAMTYE: BRUTE)
[14:41:17]SAY: Runtime/ : HSSSSS
[14:41:38]ATTACK: DrVagax/(Finn Fields) punched DrVagax/(Finn Fields)
[14:41:42]ATTACK: DrVagax/(Finn Fields) punched DrVagax/(Finn Fields)
[14:41:44]ATTACK: DrVagax/(Finn Fields) punched DrVagax/(Finn Fields)
[14:41:45]ATTACK: DrVagax/(Finn Fields) punched DrVagax/(Finn Fields)
[14:41:46]ATTACK: DrVagax/(Finn Fields) punched DrVagax/(Finn Fields)
[14:41:51]ATTACK: DrVagax/(Finn Fields) punched DrVagax/(Finn Fields)
[14:41:51]ATTACK: DrVagax/(Finn Fields) punched DrVagax/(Finn Fields)
[14:41:52]ATTACK: DrVagax/(Finn Fields) punched DrVagax/(Finn Fields)
[14:41:53]ATTACK: DrVagax/(Finn Fields) punched DrVagax/(Finn Fields)
[14:41:54]ATTACK: DrVagax/(Finn Fields) punched DrVagax/(Finn Fields)
[14:41:54]SAY: Tom (63)/ : Squeek?
[14:41:55]ATTACK: DrVagax/(Finn Fields) punched DrVagax/(Finn Fields)
[14:41:56]ATTACK: DrVagax/(Finn Fields) punched DrVagax/(Finn Fields)
[14:41:57]ATTACK: DrVagax/(Finn Fields) punched DrVagax/(Finn Fields)
[14:41:58]ATTACK: DrVagax/(Finn Fields) punched DrVagax/(Finn Fields)
[14:41:59]ATTACK: DrVagax/(Finn Fields) punched DrVagax/(Finn Fields)
[14:42:00]ATTACK: DrVagax/(Finn Fields) punched DrVagax/(Finn Fields)
[14:42:01]ATTACK: DrVagax/(Finn Fields) punched DrVagax/(Finn Fields)
[14:42:02]ATTACK: DrVagax/(Finn Fields) punched DrVagax/(Finn Fields)
[14:42:07]ATTACK: DrVagax/(Finn Fields) punched DrVagax/(Finn Fields)
[14:42:08]ATTACK: DrVagax/(Finn Fields) punched DrVagax/(Finn Fields)
[14:42:09]ATTACK: DrVagax/(Finn Fields) punched DrVagax/(Finn Fields)
[14:42:10]ATTACK: DrVagax/(Finn Fields) punched DrVagax/(Finn Fields)
[14:42:11]ATTACK: DrVagax/(Finn Fields) punched DrVagax/(Finn Fields)
[14:42:12]ATTACK: DrVagax/(Finn Fields) punched DrVagax/(Finn Fields)
[14:42:13]ATTACK: DrVagax/(Finn Fields) punched DrVagax/(Finn Fields)
[14:42:14]ATTACK: DrVagax/(Finn Fields) punched DrVagax/(Finn Fields)
[14:42:15]ATTACK: DrVagax/(Finn Fields) punched DrVagax/(Finn Fields)
[14:42:16]EMOTE: Finn Fields/DrVagax : <B>Finn Fields</B> screams!
[14:42:17]ATTACK: DrVagax/(Finn Fields) punched DrVagax/(Finn Fields)
[14:42:17]ATTACK: DrVagax/(Finn Fields) punched DrVagax/(Finn Fields)
[14:42:18]ATTACK: DrVagax/(Finn Fields) punched DrVagax/(Finn Fields)
[14:42:19]ATTACK: DrVagax/(Finn Fields) punched DrVagax/(Finn Fields)
[14:42:20]ATTACK: DrVagax/(Finn Fields) punched DrVagax/(Finn Fields)
[14:42:21]ATTACK: DrVagax/(Finn Fields) punched DrVagax/(Finn Fields)
[14:42:21]EMOTE: Unknown (as Finn Fields)/DrVagax : <B>Unknown (as Finn Fields)</B> screams!
[14:42:23]ATTACK: DrVagax/(Finn Fields) punched DrVagax/(Finn Fields)
[14:42:23]ATTACK: DrVagax/(Finn Fields) punched DrVagax/(Finn Fields)
[14:42:24]ATTACK: DrVagax/(Finn Fields) punched DrVagax/(Finn Fields)
[14:42:25]ATTACK: DrVagax/(Finn Fields) punched DrVagax/(Finn Fields)
[14:42:26]ATTACK: DrVagax/(Finn Fields) punched DrVagax/(Finn Fields)
[14:42:27]ATTACK: DrVagax/(Finn Fields) punched DrVagax/(Finn Fields)
[14:42:28]ATTACK: DrVagax/(Finn Fields) punched DrVagax/(Finn Fields)
[14:42:29]ATTACK: DrVagax/(Finn Fields) punched DrVagax/(Finn Fields)
[14:42:30]ATTACK: DrVagax/(Finn Fields) punched DrVagax/(Finn Fields)
[14:42:31]ATTACK: DrVagax/(Finn Fields) punched DrVagax/(Finn Fields)
[14:42:32]ATTACK: DrVagax/(Finn Fields) punched DrVagax/(Finn Fields)
[14:42:33]ATTACK: DrVagax/(Finn Fields) punched DrVagax/(Finn Fields)
[14:42:33]EMOTE: Unknown (as Finn Fields)/DrVagax : <B>Unknown (as Finn Fields)</B> screams!
[14:42:34]ATTACK: DrVagax/(Finn Fields) punched DrVagax/(Finn Fields)
[14:42:35]ATTACK: DrVagax/(Finn Fields) punched DrVagax/(Finn Fields)
[14:42:35]EMOTE: Unknown (as Finn Fields)/DrVagax : <B>Unknown (as Finn Fields)</B> screams!
[14:42:36]ATTACK: DrVagax/(Finn Fields) punched DrVagax/(Finn Fields)
[14:42:37]ATTACK: DrVagax/(Finn Fields) punched DrVagax/(Finn Fields)
[14:42:37]EMOTE: Unknown (as Finn Fields)/DrVagax : <B>Unknown (as Finn Fields)</B> screams!
[14:42:38]ATTACK: DrVagax/(Finn Fields) punched DrVagax/(Finn Fields)
[14:42:38]EMOTE: Unknown (as Finn Fields)/DrVagax : <B>Unknown (as Finn Fields)</B> screams!
[14:42:39]ATTACK: DrVagax/(Finn Fields) punched DrVagax/(Finn Fields)
[14:42:40]EMOTE: Unknown (as Finn Fields)/DrVagax : <B>Unknown (as Finn Fields)</B> screams!
[14:42:40]ATTACK: DrVagax/(Finn Fields) punched DrVagax/(Finn Fields)
[14:42:41]ATTACK: DrVagax/(Finn Fields) punched DrVagax/(Finn Fields)
[14:42:42]ATTACK: DrVagax/(Finn Fields) punched DrVagax/(Finn Fields)
[14:42:42]EMOTE: Unknown (as Finn Fields)/DrVagax : <B>Unknown (as Finn Fields)</B> screams!
[14:42:43]ATTACK: DrVagax/(Finn Fields) punched DrVagax/(Finn Fields)
[14:42:44]ATTACK: DrVagax/(Finn Fields) punched DrVagax/(Finn Fields)
[14:42:44]EMOTE: Unknown (as Finn Fields)/DrVagax : <B>Unknown (as Finn Fields)</B> screams!
[14:42:46]SAY: Ian/ : YAP
[14:42:52]ATTACK: DrVagax/(Finn Fields) punched DrVagax/(Finn Fields)
[14:42:52]EMOTE: Unknown (as Finn Fields)/DrVagax : <B>Unknown (as Finn Fields)</B> screams!
[14:42:52]EMOTE: Unknown (as Finn Fields)/DrVagax : <B>Unknown (as Finn Fields)</B> screams!
[14:42:53]ATTACK: DrVagax/(Finn Fields) punched DrVagax/(Finn Fields)
[14:42:58]ATTACK: DrVagax/(Finn Fields) punched DrVagax/(Finn Fields)
[14:42:59]ATTACK: DrVagax/(Finn Fields) punched DrVagax/(Finn Fields)
[14:43:00]ATTACK: DrVagax/(Finn Fields) punched DrVagax/(Finn Fields)
[14:43:03]ATTACK: DrVagax/(Finn Fields) punched DrVagax/(Finn Fields)
[14:43:04]ATTACK: DrVagax/(Finn Fields) punched DrVagax/(Finn Fields)
[14:43:04]EMOTE: Unknown (as Finn Fields)/DrVagax : <B>Unknown (as Finn Fields)</B> screams!
[14:43:05]ATTACK: DrVagax/(Finn Fields) punched DrVagax/(Finn Fields)
[14:43:06]ATTACK: DrVagax/(Finn Fields) punched DrVagax/(Finn Fields)
[14:43:07]ATTACK: DrVagax/(Finn Fields) punched DrVagax/(Finn Fields)
[14:43:08]ATTACK: DrVagax/(Finn Fields) punched DrVagax/(Finn Fields)
[14:43:09]ATTACK: DrVagax/(Finn Fields) punched DrVagax/(Finn Fields)
[14:43:12]EMOTE: Unknown (as Finn Fields)/DrVagax : <B>Unknown (as Finn Fields)</B> gasps!
[14:43:29]EMOTE: Unknown (as Finn Fields)/DrVagax : <B>Unknown (as Finn Fields)</B> gasps!
[14:43:31]EMOTE: Unknown (as Finn Fields)/DrVagax : <B>Unknown (as Finn Fields)</B> gasps!
[14:43:37]GAME: Explosion with size (7) in area Engineering Hallway 
[14:43:37]EMOTE: Unknown (as Finn Fields)/DrVagax : <B>Unknown (as Finn Fields)</B> screams!
[14:43:38]EMOTE: Unknown (as Finn Fields)/DrVagax : <B>Unknown (as Finn Fields)</B> screams!
[14:43:38]EMOTE: Unknown (as Finn Fields)/DrVagax : <B>Unknown (as Finn Fields)</B> seizes up and falls limp, his eyes dead and lifeless...
[14:43:38]GAME: SQL ERROR during death reporting. Error : [Table 'feedback.death' doesn't exist]

[14:44:03]SAY: Experiment 97d/ : Eh?
[14:44:07]ADMIN: DrVagax/(Finn Fields) used Dispatch Response Team.
[14:44:26]ADMIN: Admin DrVagax/(Finn Fields) has added a new AI law - fygdu
[14:44:33]ADMIN: DrVagax/(Finn Fields) has added a random AI law.
[14:44:36]ADMIN: DrVagax has changed the custom event text.
[14:44:54]ADMIN: DrVagax has cleared the custom event text.
[14:44:58]ADMIN: DrVagax has changed the custom event text.
[14:47:05]SAY: Runtime/ : HSSSSS
[14:53:17]SAY: Ian/ : YAP
[14:56:08]ACCESS: AFK: DrVagax/(Finn Fields)
[14:56:08]ACCESS: Logout: DrVagax/(Finn Fields)
[00:07:48]DEBUG: Firing random event. #Engineer:0 #Medical:0 #Security:0 #Scientist:0 #AI:0 #Cyborg:0 #Janitor:0 #Gardener:0 ||| /datum/event/economic_event:300/datum/event/trivial_news:400/datum/event/mundane_news:300/datum/event/pda_spam:200/datum/event/money_lotto:50/datum/event/carp_migration:20/datum/event/brand_intelligence:20/datum/event/rogue_drone:5/datum/event/infestation:100/datum/event/communications_blackout:50/datum/event/ionstorm:1/datum/event/grid_check:25/datum/event/electrical_storm:1/datum/event/wallrot:1/datum/event/spacevine:10/datum/event/prison_break:1|||Picked:/datum/event/economic_event
[00:07:48]DEBUG: Next event in 32.148 minutes.
[00:07:52]ACCESS: Login: DrVagax/(Finn Fields) from 192.168.0.1-1872704441 || BYOND v506
[00:08:19]ADMIN: DrVagax/(Finn Fields) has robotized DrVagax.
[00:08:21]ACCESS: Logout: *no key*/(Finn Fields)
[00:08:21]ACCESS: Login: DrVagax/(Default Robot-996) from 192.168.0.1-1872704441 || BYOND v506
[00:10:22]ADMIN: DrVagax/(Eddy) deleted Eddy at (104,147,1)
[00:10:22]ACCESS: Logout: *no key*/(Eddy)
[00:10:22]ACCESS: Login: DrVagax/(Finn Fields) from 192.168.0.1-1872704441 || BYOND v506
[00:10:28]ACCESS: Logout: *no key*/(Finn Fields)
[00:10:28]ACCESS: Login: DrVagax/(Finn Fields) from 192.168.0.1-1872704441 || BYOND v506
[00:10:38]ADMIN: DrVagax/(Finn Fields) created a /mob/living/carbon/human
[00:11:06]ACCESS: Logout: *no key*/(Finn Fields)
[00:11:06]ACCESS: Login: drvagax/(unknown) from 192.168.0.1-1872704441 || BYOND v506
[00:11:06]ADMIN: DrVagax/(unknown) modified unknown's ckey to drvagax
[00:11:20]ADMIN: drvagax/(unknown) changed the equipment of drvagax/(unknown) to nanotrasen captain.
[00:13:39]ADMIN: drvagax/(unknown) created a /obj/item/weapon/reagent_containers/food/drinks/cans/cola
[00:13:41]ADMIN: drvagax/(unknown) created a /obj/item/weapon/reagent_containers/food/drinks/cans/cola
[00:13:41]ADMIN: drvagax/(unknown) created a /obj/item/weapon/reagent_containers/food/drinks/cans/cola
[00:14:07]GAME: SQL ERROR during player polling. Error : [MySQL server has gone away]

[00:15:05]GAME: drvagax/(unknown) shot fueltank at (73,144,1).
[00:15:07]GAME: SQL ERROR during admin polling. Error : [MySQL server has gone away]

[00:15:08]GAME: drvagax/(unknown) shot fueltank at (73,144,1).
[00:15:08]GAME: drvagax/(unknown) shot fueltank at (73,144,1).
[00:15:24]ADMIN: drvagax/(unknown) deleted Vault at (82,145,1)
[00:16:21]SAY: Experiment 97d/ : EHEHEHEHEH
[00:16:35]ADMIN: drvagax/(unknown) made Cent. Com. Status Summary at 115, 138, 1. make a sound
[00:18:37]SAY: Runtime/ : Purr!
[00:19:38]ADMIN: drvagax/(unknown) created a /obj/item/clothing/under/captain_fly
[00:20:13]ADMIN: drvagax/(unknown) created a /obj/item/weapon/card/id/captains_spare
[00:25:19]GAME: SQL ERROR during player polling. Error : [MySQL server has gone away]

[00:26:22]GAME: SQL ERROR during admin polling. Error : [MySQL server has gone away]

[00:27:47]GAME: Explosion with size (7) in area Head of Personnel's Office 
[00:27:49]EMOTE: unknown/drvagax : <B>The unknown</B> screams!
[00:27:49]EMOTE: unknown/drvagax : <B>The unknown</B> screams!
[00:27:54]ACCESS: Logout: *no key*/(unknown)
[00:27:54]ACCESS: Login: drvagax/(unknown) from 192.168.0.1-1872704441 || BYOND v506
[00:28:43]EMOTE: unknown/ : <B>The unknown</B> gasps!
[00:28:55]EMOTE: unknown/ : <B>The unknown</B> gasps!
[00:29:15]EMOTE: unknown/ : <B>The unknown</B> gasps!
[00:29:36]EMOTE: unknown/ : <B>The unknown</B> seizes up and falls limp, his eyes dead and lifeless...
[00:31:07]GAME: Explosion with size (11) in area Head of Personnel's Office 
[00:31:29]GAME: Explosion with size (18) in area Engine Room 
[00:33:54]SAY: Experiment 97d/ : Eh?
[00:34:32]ADMIN: drvagax has changed the custom event text.
[00:34:32]SAY: Experiment 97d/ : EHEHEHEHEH
[00:34:54]ADMIN: drvagax/(unknown) told *no key*/(grey baby slime (391)) to man up and deal with it.
[00:34:59]ADMIN: drvagax/(unknown) told *no key*/(unknown) to man up and deal with it.
[00:35:02]ADMIN: drvagax/(unknown) told drvagax/(unknown) to man up and deal with it.
[00:35:05]ADMIN: drvagax/(unknown) told everyone to man up and deal with it.
[00:35:06]ADMIN: drvagax/(unknown) told everyone to man up and deal with it.
[00:35:06]ADMIN: drvagax/(unknown) told everyone to man up and deal with it.
[00:35:06]ADMIN: drvagax/(unknown) told everyone to man up and deal with it.
[00:35:06]ADMIN: drvagax/(unknown) told everyone to man up and deal with it.
[00:35:09]ADMIN: drvagax has changed the custom event text.
[00:35:39]ADMIN: DrVagax/(unknown) played sound Good News Everyone!.ogg
[00:36:04]GAME: Explosion with size (7) in area Starboard Primary Hallway 
[00:36:08]GAME: Explosion with size (11) in area Starboard Primary Hallway 
[00:36:12]GAME: Explosion with size (18) in area Starboard Primary Hallway 
[00:36:51]GAME: SQL ERROR during player polling. Error : [MySQL server has gone away]

[00:37:52]GAME: SQL ERROR during admin polling. Error : [MySQL server has gone away]

[00:39:56]DEBUG: Firing random event. #Engineer:0 #Medical:0 #Security:0 #Scientist:0 #AI:0 #Cyborg:0 #Janitor:0 #Gardener:0 ||| /datum/event/economic_event:1.81467/datum/event/trivial_news:400/datum/event/mundane_news:300/datum/event/pda_spam:200/datum/event/money_lotto:50/datum/event/carp_migration:20/datum/event/brand_intelligence:20/datum/event/rogue_drone:5/datum/event/infestation:100/datum/event/communications_blackout:50/datum/event/ionstorm:1/datum/event/grid_check:25/datum/event/electrical_storm:1/datum/event/wallrot:1/datum/event/spacevine:10/datum/event/meteor_wave:1/datum/event/meteor_shower:1/datum/event/blob:1/datum/event/prison_break:1|||Picked:/datum/event/mundane_news
[00:39:56]DEBUG: Next event in 42.09 minutes.
[00:40:10]SAY: Runtime/ : Purr!
[00:42:40]SAY: Experiment 97d/ : Eh?
[00:48:12]GAME: SQL ERROR during player polling. Error : [MySQL server has gone away]

[00:48:25]SAY: Runtime/ : Esp!
[00:49:12]GAME: SQL ERROR during admin polling. Error : [MySQL server has gone away]

[00:55:43]SAY: Runtime/ : Esp!
[00:58:19]SAY: Runtime/ : Meow!
[00:59:02]ADMIN: drvagax has changed the custom event text.
[00:59:03]ADMIN: drvagax/(unknown) initiated a reboot.
[00:59:04]ADMIN: drvagax has cleared the custom event text.
[00:59:08]ACCESS: Logout: drvagax/(unknown)
